<?xml version="1.0" encoding="UTF-8"?>
<testsuite xmlns:xsi="http://www.w3.org/2001/XMLSchema-instance" xsi:noNamespaceSchemaLocation="https://maven.apache.org/surefire/maven-surefire-plugin/xsd/surefire-test-report-3.0.xsd" version="3.0" name="testRunner.testRun" time="338.226" tests="5" errors="0" skipped="0" failures="0">
  <properties>
[...]
</properties>
  <testcase name="Search Doctors for any city and apply filters" classname="Fetch &amp; display the first five Doctors" time="111.106">
    <system-out><![CDATA[
@sanity @regression
Scenario: Search Doctors for any city and apply filters                         &amp#27;[90m# Feature/F1_top5Doctors.feature:11&amp#27;[0m
  &amp#27;[32mGiven &amp#27;[0m&amp#27;[32muser enters city as &amp#27;[0m&amp#27;[32m&amp#27;[1m"Bangalore"&amp#27;[0m&amp#27;[32m and user enters speciality as &amp#27;[0m&amp#27;[32m&amp#27;[1m"Dentist"&amp#27;[0m &amp#27;[90m# stepDefinitions.TC_01_Top5Doctors.user_enters_city_as_and_user_enters_speciality_as(java.lang.String,java.lang.String)&amp#27;[0m

    Embedding Search Doctors for any city and apply filters [image/png 286678 bytes]

  &amp#27;[32mWhen &amp#27;[0m&amp#27;[32muser applies the filter&amp#27;[0m                                                  &amp#27;[90m# stepDefinitions.TC_01_Top5Doctors.user_applies_the_filter()&amp#27;[0m

    Embedding Search Doctors for any city and apply filters [image/png 287258 bytes]

Dr. K.A. Mohan
Profile is claimed
BDS, MDS - Orthodontics
Orthodontist, Dentist, Dentofacial Orthopedist, Dental Surgeon
55 Years Experience Overall  (47 years as specialist)
Medical Registration Verified
96% (54 patients)
Dr. K A Mohan is a Dentist and Orthodontist in Domlur 2nd Stage, Indiranagar, Bangalore and has an experience of 47 years in these fields. Dr. K A Mohan practic more..
Share your story

Dr. Vivekananda Reddy
Profile is claimed
MDS - Prosthodontist And Crown Bridge, BDS
Dental Surgeon, Dentist, Prosthodontist
23 Years Experience Overall  (22 years as specialist)
Medical Registration Verified
98% (384 patients)
Dr. Vivekanand Reddy had done MDS, a prominent Prosthodontist and Implantologist, had been in practice for 22 years. By employing advanced methods and keenly st more..
Share your story

Dr. Shyam Padmanabhan
Profile is claimed
BDS, MDS - Periodontics
Periodontist, Dentist, Implantologist, Dental Surgeon
28 Years Experience Overall  (23 years as specialist)
Medical Registration Verified
99% (674 patients)
Dr. Shyam established the medical and dental diagnostic center in the year 2001. He graduated from SDM College of Dental Science, Dharwad, Karnataka and followe more..
Share your story

Dr. A. Praveen Kumar Reddy
BDS, MDS - Conservative Dentistry & Endodontics
Dentist, Endodontist, Cosmetic/Aesthetic Dentist, Dental Surgeon
17 Years Experience Overall
Medical Registration Verified
98% (51 patients)
Dr. A. Praveen Kumar Reddy is a Dentist,Endodontist and Cosmetic/Aesthetic Dentist in Whitefield, Bangalore and has an experience of 17 years in these fields. more..
Share your story

Dr. Pramod
Profile is claimed
MDS - Orthodontics, BDS
Orthodontist, Cosmetic/Aesthetic Dentist, Dentofacial Orthopedist, Dental Surgeon, Dentist
20 Years Experience Overall  (15 years as specialist)
Medical Registration Verified
98% (729 patients)
Dr. Pramod is an orthodontist at Koramangala, Domlur & Indiranagar, Bangalore and has an experience of 15 years in this field. Dr. Pramod practices at Dental D more..
Share your story

  &amp#27;[32mThen &amp#27;[0m&amp#27;[32mthe user should able to get the doctors list&amp#27;[0m                             &amp#27;[90m# stepDefinitions.TC_01_Top5Doctors.the_user_should_able_to_get_the_doctors_list()&amp#27;[0m

    Embedding Search Doctors for any city and apply filters [image/png 290604 bytes]

]]></system-out>
    <system-err><![CDATA[Apr 11, 2024 2:17:32 PM org.openqa.selenium.remote.tracing.opentelemetry.OpenTelemetryTracer createTracer
INFO: Using OpenTelemetry for tracing
]]></system-err>
  </testcase>
  <testcase name="Clicking on surgery in the home page and storing the surgeries in a list" classname="Extracting &amp; storing all the surgeries in a List" time="47.0">
    <system-out><![CDATA[
@sanity
Scenario: Clicking on surgery in the home page and storing the surgeries in a list &amp#27;[90m# Feature/F2_surgeryPage.feature:4&amp#27;[0m
Piles
Hernia Treatment
Kidney Stone
Cataract
Circumcision
Lasik
Varicose Veins
Gallstone
Anal Fistula
Gynaecomastia
Anal Fissure
Lipoma Removal
Sebaceous cyst
Pilonidal Sinus
Lump in Breast
TURP
Hydrocele
Knee Replacement
Hair Transplant

  &amp#27;[32mGiven &amp#27;[0m&amp#27;[32muser clicks the surgery in the home page&amp#27;[0m                                   &amp#27;[90m# stepDefinitions.TC_02_SurgeryPage.user_clicks_the_surgery_in_the_home_page()&amp#27;[0m

    Embedding Clicking on surgery in the home page and storing the surgeries in a list [image/png 235546 bytes]

]]></system-out>
  </testcase>
  <testcase name="Inspecting the health and wellness form under for corporate section with invalid details" classname="Under For Corporate user will fill the form using invalid number" time="62.302">
    <system-out><![CDATA[
@sanity @regression
Scenario: Inspecting the health and wellness form under for corporate section with invalid details &amp#27;[90m# Feature/F4_forCorporate_form_with_invalid_number.feature:4&amp#27;[0m
  &amp#27;[32mGiven &amp#27;[0m&amp#27;[32muser clicks on the for corporate in the home pagee for invalid number&amp#27;[0m                      &amp#27;[90m# stepDefinitions.TC_03_forCorporate_invalidNumber.user_clicks_on_the_for_corporate_in_the_home_pagee_for_invalid_number()&amp#27;[0m

    Embedding Inspecting the health and wellness form under for corporate section with invalid details [image/png 377151 bytes]

  &amp#27;[32mWhen &amp#27;[0m&amp#27;[32muser clicks the health and corporate plans with invalid number&amp#27;[0m                              &amp#27;[90m# stepDefinitions.TC_03_forCorporate_invalidNumber.user_clicks_the_health_and_corporate_plans()&amp#27;[0m

    Embedding Inspecting the health and wellness form under for corporate section with invalid details [image/png 390962 bytes]

  &amp#27;[32mAnd &amp#27;[0m&amp#27;[32muser fills the form with invalid number&amp#27;[0m                                                      &amp#27;[90m# stepDefinitions.TC_03_forCorporate_invalidNumber.user_fills_the_form_with_invalid_number()&amp#27;[0m

    Embedding Inspecting the health and wellness form under for corporate section with invalid details [image/png 442766 bytes]

  &amp#27;[32mBut &amp#27;[0m&amp#27;[32mthe button is disabled when invalid number is given&amp#27;[0m                                          &amp#27;[90m# stepDefinitions.TC_03_forCorporate_invalidNumber.the_button_is_disabled()&amp#27;[0m

    Embedding Inspecting the health and wellness form under for corporate section with invalid details [image/png 442766 bytes]

]]></system-out>
  </testcase>
  <testcase name="Inspecting the health and wellness form under for corporate section with invalid email" classname="Under For Corporate user will fill the form using invalid email" time="48.21">
    <system-out><![CDATA[
@sanity @regression
Scenario: Inspecting the health and wellness form under for corporate section with invalid email &amp#27;[90m# Feature/F5_forCorporate_form_with_invalid_email.feature:4&amp#27;[0m
  &amp#27;[32mGiven &amp#27;[0m&amp#27;[32muser clicks on the for corporate in the home pagee for invalid email&amp#27;[0m                     &amp#27;[90m# stepDefinitions.TC_04_forCorporate_invalidEmail.user_clicks_on_the_for_corporate_in_the_home_pagee_for_invalid_email()&amp#27;[0m

    Embedding Inspecting the health and wellness form under for corporate section with invalid email [image/png 377151 bytes]

  &amp#27;[32mWhen &amp#27;[0m&amp#27;[32muser clicks the health and corporate plans with invalid email&amp#27;[0m                             &amp#27;[90m# stepDefinitions.TC_04_forCorporate_invalidEmail.user_clicks_the_health_and_corporate_plans_with_invalid_email()&amp#27;[0m

    Embedding Inspecting the health and wellness form under for corporate section with invalid email [image/png 390962 bytes]

  &amp#27;[32mAnd &amp#27;[0m&amp#27;[32muser fills the form with invalid email&amp#27;[0m                                                     &amp#27;[90m# stepDefinitions.TC_04_forCorporate_invalidEmail.user_fills_the_form_with_invalid_email()&amp#27;[0m

    Embedding Inspecting the health and wellness form under for corporate section with invalid email [image/png 440928 bytes]

  &amp#27;[32mBut &amp#27;[0m&amp#27;[32mthe button is disabled&amp#27;[0m                                                                     &amp#27;[90m# stepDefinitions.TC_04_forCorporate_invalidEmail.the_button_is_disabled()&amp#27;[0m

    Embedding Inspecting the health and wellness form under for corporate section with invalid email [image/png 440928 bytes]

]]></system-out>
  </testcase>
  <testcase name="Inspecting the health and wellness form under for corporate section" classname="Under For Corporate user will fill the form" time="68.163">
    <system-out><![CDATA[
@sanity @regression
Scenario: Inspecting the health and wellness form under for corporate section &amp#27;[90m# Feature/F6_forCorporate.feature:4&amp#27;[0m
  &amp#27;[32mGiven &amp#27;[0m&amp#27;[32muser clicks on the for corporate in the home page&amp#27;[0m                     &amp#27;[90m# stepDefinitions.TC_05_ForCorporate.user_clicks_on_the_for_corporate_in_the_home_page()&amp#27;[0m

    Embedding Inspecting the health and wellness form under for corporate section [image/png 377151 bytes]

  &amp#27;[32mWhen &amp#27;[0m&amp#27;[32muser clicks the health and corporate plans&amp#27;[0m                             &amp#27;[90m# stepDefinitions.TC_05_ForCorporate.user_clicks_the_health_and_corporate_plans()&amp#27;[0m

    Embedding Inspecting the health and wellness form under for corporate section [image/png 390962 bytes]

  &amp#27;[32mAnd &amp#27;[0m&amp#27;[32muser fills the form&amp#27;[0m                                                     &amp#27;[90m# stepDefinitions.TC_05_ForCorporate.user_fills_the_form()&amp#27;[0m

    Embedding Inspecting the health and wellness form under for corporate section [image/png 444148 bytes]

  &amp#27;[32mAnd &amp#27;[0m&amp#27;[32muser clicks on schedule a demo button&amp#27;[0m                                   &amp#27;[90m# stepDefinitions.TC_05_ForCorporate.user_clicks_on_schedule_a_demo_button()&amp#27;[0m

    Embedding Inspecting the health and wellness form under for corporate section [image/png 643418 bytes]

true
  &amp#27;[32mThen &amp#27;[0m&amp#27;[32mthe user validates whether the ThankYou message is displayed or not&amp#27;[0m    &amp#27;[90m# stepDefinitions.TC_05_ForCorporate.the_user_validates_whether_the_thank_you_message_is_displayed_or_not()&amp#27;[0m

    Embedding Inspecting the health and wellness form under for corporate section [image/png 138947 bytes]

]]></system-out>
  </testcase>
</testsuite>